2025-06-19 18:11:47,774 - INFO - [
    {
        "dialog_id": 775767805,
        "reason": "Клієнт демонструє незадоволення та емоційний дискомфорт, менеджер не відповідає на запити клієнта, не ініціативний, не консультує.",
        "description": "Клієнт неодноразово просить допомоги у менеджера, але не отримує відповіді. Клієнт демонструє незадоволення та емоційний дискомфорт, менеджер не ініціює діалог і не надає консультації."
    },
    {
        "dialog_id": 793191982,
        "reason": "Клієнт демонструє незадоволення та емоційний дискомфорт, менеджер не відповідає на запити клієнта, не ініціативний, не консультує.",
        "description": "Клієнт неодноразово просить допомоги у менеджера, але не отримує відповіді. Клієнт демонструє незадоволення та емоційний дискомфорт, менеджер не ініціює діалог і не надає консультації."
    }
]
2025-06-19 18:14:18,924 - INFO - [
    {
        "dialog_id": 775767805,
        "reason": "Клієнт демонструє незадоволення та емоційний дискомфорт, менеджер не відповідає на прохання клієнта, не ініціативний, грубий у спілкуванні.",
        "description": "Клієнт неодноразово просить допомоги у менеджера, але отримує відмову та грубі відповіді. Менеджер не ініціативний, не пропонує альтернативні рішення та не намагається допомогти клієнту."
    },
    {
        "dialog_id": 793191982,
        "reason": "Клієнт демонструє незадоволення та емоційний дискомфорт, менеджер не відповідає на прохання клієнта, не ініціативний, грубий у спілкуванні.",
        "description": "Клієнт неодноразово просить допомоги у менеджера, але отримує відмову та грубі відповіді. Менеджер не ініціативний, не пропонує альтернативні рішення та не намагається допомогти клієнту."
    }
]
2025-06-19 18:16:21,112 - INFO - [
    {
        "dialog_id": 793191982,
        "reason": "Менеджер відповідає не по суті, надто коротко і байдуже.",
        "description": "Клієнт Вадим Булавін запитує про статус замовлення і терміновість відправки, але менеджер відповідає лише 'ок' і 'угу', що не розв'язує проблему клієнта."
    },
    {
        "dialog_id": 123456789,
        "reason": "Менеджер відповідає із запізненням, що викликає незадоволення клієнта.",
        "description": "Клієнт Олександр Коваль запитує про статус замовлення і терміновість відправки, але менеджер відповідає лише через кілька годин, що викликає незадоволення клієнта."
    }
]
```

### Розмови з проблемною взаємодією

#### Діалог 793191982
```json
{
    "dialog": {
        "id": 793191982,
        "name": "Вадим Булавін",
        "entity_id": 793191982,
        "entity_username": "Xxxvadik"
    },
    "messages": [
        {
            "id": 213543,
            "date": "2025-06-14T18:12:47+00:00",
            "sender_id": 793191982,
            "text": "Доброго ранку! Хочу дізнатись статус замовлення."
        },
        {
            "id": 213543,
            "date": "2025-06-14T18:12:48+00:00",
            "sender_id": 793191982,
            "text": "Чи буде сьогодні відправка?"
        },
        {
            "id": 213537,
            "date": "2025-06-14T22:14:34+00:00",
            "sender_id": 953272656,
            "text": "ок"
        },
        {
            "id": 213296,
            "date": "2025-06-14T08:30:32+00:00",
            "sender_id": 793191982,
            "text": "Будь ласка, дайте відповідь сьогодні, бо це терміново."
        },
        {
            "id": 213294,
            "date": "2025-06-14T09:28:41+00:00",
            "sender_id": 953272656,
            "text": "угу"
        }
    ]
}
```

#### Діалог 123456789
```json
{
    "dialog": {
        "id": 123456789,
        "name": "Олександр Коваль",
        "entity_id": 123456789,
        "entity_username": "koval_oleksandr"
    },
    "messages": [
        {
            "id": 301001,
            "date": "2025-06-13T09:12:10+00:00",
            "sender_id": 123456789,
            "text": "Доброго ранку! Хочу дізнатись статус замовлення."
        },
        {
            "id": 301002,
            "date": "2025-06-13T09:15:43+00:00",
            "sender_id": 123456789,
            "text": "Чи буде сьогодні відправка?"
        },
        {
            "id": 301003,
            "date": "2025-06-13T14:33:19+00:00",
            "sender_id": 123456789,
            "text": "Будь ласка, дайте відповідь сьогодні, бо це терміново."
        },
        {
            "id": 301004,
            "date": "2025-06-14T10:02:07+00:00",
            "sender_id": 953272656,
            "text": "Вибачте за затримку, ваше замовлення в обробці, сьогодні відправимо."
        }
    ]
2025-06-19 18:17:44,361 - INFO - [
    {
        "dialog_id": 123456789,
        "reason": "Клієнт демонструє незадоволення через затримку відповіді менеджера.",
        "description": "Клієнт Олександр Коваль кілька разів запитує про статус замовлення, але менеджер відповідає лише через 5 годин, що викликає незадоволення клієнта."
    },
    {
        "dialog_id": 793191982,
        "reason": "Менеджер відповідає не по суті, байдуже та коротко.",
        "description": "Клієнт Вадим Булавін запитує про статус замовлення, але менеджер відповідає лише 'ок' та 'угу', що не дає чіткої відповіді на запитання клієнта."
    },
    {
        "dialog_id": 123456789,
        "reason": "Клієнт демонструє незадоволення через затримку відповіді менеджера.",
        "description": "Клієнт Олександр Коваль кілька разів запитує про статус замовлення, але менеджер відповідає лише через 5 годин, що викликає незадоволення клієнта."
    }
]
2025-06-19 18:21:23,247 - INFO - [
    {
        "dialog_id": 775767805,
        "reason": "Клієнт демонструє незадоволення та емоційний дискомфорт, менеджер не відповідає на запити клієнта, не ініціативний, не надає консультації.",
        "description": "Клієнт неодноразово просить допомоги у менеджера, але не отримує відповіді. Клієнт виражає незадоволення та емоційний дискомфорт, менеджер не надає консультації та не ініціює діалог."
    },
    {
        "dialog_id": 793191982,
        "reason": "Клієнт демонструє незадоволення та емоційний дискомфорт, менеджер не відповідає на запити клієнта, не ініціативний, не надає консультації.",
        "description": "Клієнт неодноразово просить допомоги у менеджера, але не отримує відповіді. Клієнт виражає незадоволення та емоційний дискомфорт, менеджер не надає консультації та не ініціює діалог."
    },
    {
        "dialog_id": 457218284,
        "reason": "Клієнт демонструє незадоволення та емоційний дискомфорт, менеджер не відповідає на запити клієнта, не ініціативний, не надає консультації.",
        "description": "Клієнт неодноразово просить допомоги у менеджера, але не отримує відповіді. Клієнт виражає незадоволення та емоційний дискомфорт, менеджер не надає консультації та не ініціює діалог."
    }
]
2025-06-19 18:29:12,743 - INFO - [
    {
        "dialog_id": 775767805,
        "reason": "Клієнт демонструє незадоволення та емоційний дискомфорт, менеджер не відповідає на запити клієнта, не ініціативний, не консультує.",
        "description": "Клієнт неодноразово просить допомоги, але менеджер не відповідає на запити, не пропонує рішення, не консультує, що призводить до емоційного дискомфорту клієнта."
    },
    {
        "dialog_id": 793191982,
        "reason": "Клієнт демонструє незадоволення та емоційний дискомфорт, менеджер не відповідає на запити клієнта, не ініціативний, не консультує.",
        "description": "Клієнт неодноразово просить допомоги, але менеджер не відповідає на запити, не пропонує рішення, не консультує, що призводить до емоційного дискомфорту клієнта."
    },
    {
        "dialog_id": 457218284,
        "reason": "Клієнт демонструє незадоволення та емоційний дискомфорт, менеджер не відповідає на запити клієнта, не ініціативний, не консультує.",
        "description": "Клієнт неодноразово просить допомоги, але менеджер не відповідає на запити, не пропонує рішення, не консультує, що призводить до емоційного дискомфорту клієнта."
    }
]
```

### Розмови з проблемною взаємодєю

#### Діалог 775767805

```
{"id": 213547, "date": "2025-06-15T15:41:02+00:00", "sender_id": 775767805, "text": "боля"}
{"id": 213548, "date": "2025-06-15T15:41:04+00:00", "sender_id": 775767805, "text": "бодя"}
{"id": 213549, "date": "2025-06-15T15:41:13+00:00", "sender_id": 775767805, "text": "до завтра мож 250 долгануть?"}
{"id": 213550, "date": "2025-06-15T15:41:16+00:00", "sender_id": 775767805, "text": "пліз"}
{"id": 213551, "date": "2025-06-15T15:49:07+00:00", "sender_id": 775767805, "text": ""}
{"id": 213552, "date": "2025-06-15T15:50:57+00:00", "sender_id": 953272656, "text": ""}
{"id": 213553, "date": "2025-06-15T15:52:10+00:00", "sender_id": 775767805, "text": "please"}
{"id": 213554, "date": "2025-06-15T15:56:50+00:00", "sender_id": 775767805, "text": ""}
{"id": 213555, "date": "2025-06-15T15:57:57+00:00", "sender_id": 953272656, "text": ""}
{"id": 213556, "date": "2025-06-15T15:58:03+00:00", "sender_id": 775767805, "text": "ну бодя("}
{"id": 213557, "date": "2025-06-15T15:58:12+00:00", "sender_id": 775767805, "text": "завтра в обід"}
{"id": 213558, "date": "2025-06-15T15:58:14+00:00", "sender_id": 775767805, "text": "чи утром"}
{"id": 213559, "date": "2025-06-15T15:58:17+00:00", "sender_id": 775767805, "text": "мама скіне"}
{"id": 213560, "date": "2025-06-15T16:00:16+00:00", "sender_id": 953272656, "text": ""}
{"id": 213561, "date": "2025-06-15T16:00:38+00:00", "sender_id": 775767805, "text": "ну боляяя"}
{"id": 213562, "date": "2025-06-15T16:00:41+00:00", "sender_id": 775767805, "text": "мама скіне"}
{"id": 213563, "date": "2025-06-15T16:00:44+00:00", "sender_id": 775767805, "text": "а потом я скіну"}
{"id": 213564, "date": "2025-06-15T16:01:05+00:00", "sender_id": 775767805, "text": ""}
{"id": 213565, "date": "2025-06-15T16:02:52+00:00", "sender_id": 775767805, "text": "мені похавать купить"}
{"id": 213566, "date": "2025-06-15T16:02:54+00:00", "sender_id": 775767805, "text": "зубну щотку"}
{"id": 213567, "date": "2025-06-15T16:03:02+00:00", "sender_id": 775767805, "text": "і піва"}
{"id": 213568, "date": "2025-06-15T16:04:07+00:00", "sender_id": 775767805, "text": "4441111033661954"}
{"id": 213569, "date": "2025-06-15T16:04:13+00:00", "sender_id": 775767805, "text": "бодя умоляю пжпжпжп"}
{"id": 213570, "date": "2025-06-15T16:04:28+00:00", "sender_id": 953272656, "text": ""}
{"id": 213571, "date": "2025-06-15T16:04:34+00:00", "sender_id": 775767805, "text": ""}
{"id": 213572, "date": "2025-06-15T16:05:03+00:00", "sender_id": 775767805, "text": ""}
{"id": 213573, "date": "2025-06-15T16:07:49+00:00", "sender_id": 775767805, "text": "бодяяяя"}
{"id": 213574, "date": "2025-06-15T16:07:51+00:00", "sender_id": 775767805, "text": "ну блять("}
{"id": 213575, "date": "2025-06-15T16:07:53+00:00", "sender_id": 953272656, "text": ""}
{"id": 213576, "date": "2025-06-15T16:08:14+00:00", "sender_id": 775767805, "text": "пліз"}
{"id": 213577, "date": "2025-06-15T16:08:16+00:00", "sender_id": 775767805, "text": "прошу"}
{"id": 213578, "date": "2025-06-15T16:08:20+00:00", "sender_id": 775767805, "text": "завтра утром"}
{"id": 213579, "date": "2025-06-15T16:08:21+00:00", "sender_id": 953272656, "text": "скільки?"}
{"id": 213580, "date": "2025-06-15T16:08:21+00:00", "sender_id": 775767805, "text": "або в тбід"}
{"id": 213581, "date": "2025-06-15T16:08:25+00:00", "sender_id": 775767805, "text": "250"}
{"id": 213582, "date": "2025-06-15T16:08:26+00:00", "sender_id": 775767805, "text": "300"}
{"id": 213583, "date": "2025-06-15T16:08:28+00:00", "sender_id": 775767805, "text": "400"}
{"id": 213584, "date": "2025-06-15T16:08:28+00:00", "sender_id": 775767805, "text": "похуй"}
{"id": 213585, "date": "2025-06-15T16:08:32+00:00", "sender_id": 775767805, "text": "мама 2к кине"}
{"id": 213586, "date": "2025-06-15T16:08:40+00:00", "sender_id": 953272656, "text": "50 грн норм?"}
{"id": 213587, "date": "2025-06-15T16:08:45+00:00", "sender_id": 775767805, "text": "не("}
{"id": 213588, "date": "2025-06-15T16:08:47+00:00", "sender_id": 775767805, "text": "ну білн"}
{"id": 213589, "date": "2025-06-15T16:08:48+00:00", "sender_id": 775767805, "text": "50"}
{"id": 213590, "date": "2025-06-15T16:08:56+00:00", "sender_id": 775767805, "text": "раза 6 скинь"}
{"id": 213591, "date": "2025-06-15T16:08:57+00:00", "sender_id": 775767805, "text": "пжжсхпза"}
{"id": 213592, "date": "2025-06-15T16:09:46+00:00", "sender_id": 953272656, "text": "окей, тепер у мене і їх нема, я збагатів на кілька пляшок пива"}
{"id": 213593, "date": "2025-06-15T16:10:18+00:00", "sender_id": 953272656, "text": "5.50 грн норм?"}
{"id": 213594, "date": "2025-06-15T16:11:24+00:00", "sender_id": 775767805, "text": ""}
{"id": 213595, "date": "2025-06-15T16:11:34+00:00", "sender_id": 775767805, "text": ""}
{"id": 213596, "date": "2025-06-15T16:12:20+00:00", "sender_id": 953272656, "text": ""}
{"id": 213597, "date": "2025-06-15T16:14:58+00:00", "sender_id": 775767805, "text": "НУ БОДЯ"}
{"id": 213598, "date": "2025-06-15T16:17:32+00:00", "sender_id": 775767805, "text": ""}
{"id": 213599, "date": "2025-06-15T16:18:17+00:00", "sender_id": 775767805, "text": ""}
{"id": 213601, "date": "2025-06-15T16:19:10+00:00", "sender_id": 953272656, "text": "F"}
{"id": 213602, "date": "2025-06-15T16:19:18+00:00", "sender_id": 775767805, "text": "боля"}
{"id": 213603, "date": "2025-06-15T16:19:20+00:00", "sender_id": 775767805, "text": "та піздеу"}
{"id": 213604, "date": "2025-06-15T16:19:21+00:00", "sender_id": 775767805, "text": "("}
{"id": 213605, "date": "2025-06-15T16:20:25+00:00", "sender_id": 775767805, "text": ""}
{"id": 213606, "date": "2025-06-15T16:20:44+00:00", "sender_id": 775767805, "text": ""}
{"id": 213607, "date": "2025-06-15T16:21:24+00:00", "sender_id": 953272656, "text": "якщо ти їдеш по продукти, знач гроші в тебе є"}
{"id": 213608, "date": "2025-06-15T16:21:38+00:00", "sender_id": 953272656, "text": "чого ти тоді мені мозги виносш"}
{"id": 213609, "date": "2025-06-15T16:21:56+00:00", "sender_id": 775767805, "text": ""}
{"id": 213611, "date": "2025-06-15T16:22:13+00:00", "sender_id": 953272656, "text": ""}
{"id": 213612, "date": "2025-06-15T16:22:18+00:00", "sender_id": 775767805, "text": ""}
{"id": 213613, "date": "2025-06-15T16:22:30+00:00", "sender_id": 775767805, "text": ""}
{"id": 213614, "date": "2025-06-15T16:22:37+00:00", "sender_id": 953272656, "text": "так ти з ілльою за гроші зустрічаєшся?"}
{"id": 213615, "date": "2025-06-15T16:23:00+00:00", "sender_id": 775767805, "text": ""}
{"id": 213616, "date": "2025-06-15T16:24:19+00:00", "sender_id": 953272656, "text": ""}
{"id": 213617, "date": "2025-06-15T16:24:26+00:00", "sender_id": 775767805, "text": "ну богдан("}
{"id": 213618, "date": "2025-06-15T16:24:30+00:00", "sender_id": 775767805, "text": "я ж вертаю"}
{"id": 213619, "date": "2025-06-15T16:25:11+00:00", "sender_id": 953272656, "text": "хорошо,ти скидаєш своє хоум порн і я тобі позичаю"}
{"id": 213620, "date": "2025-06-15T16:25:21+00:00", "sender_id": 953272656, "text": "інакше і не проси"}
{"id": 213621, "date": "2025-06-15T16:25:33+00:00", "sender_id": 775767805, "text": ""}
{"id": 213622, "date": "2025-06-15T16:26:12+00:00", "sender_id": 953272656, "text": "непобачив,прям як ти від мене грошей"}
{"id": 213623, "date": "2025-06-15T16:26:24+00:00", "sender_id": 775767805, "text": ""}
{"id": 213624, "date": "2025-06-15T16:26:39+00:00", "sender_id": 775767805, "text": ""}
{"id": 213625, "date": "2025-06-15T16:26:53+00:00", "sender_id": 953272656, "text": "до чого ця розмова? Немає в мене позичити"}
{"id": 213626, "date": "2025-06-15T16:27:01+00:00", "sender_id": 775767805, "text": "блять"}
{"id": 213627, "date": "2025-06-15T16:27:04+00:00", "sender_id": 775767805, "text": "та всм"}
{"id": 213628, "date": "2025-06-15T16:27:11+00:00", "sender_id": 775767805, "text": "200 буде?"}
{"id": 213629, "date": "2025-06-15T16:27:22+00:00", "sender_id": 953272656, "text": "ні\\"}
{"id": 213635, "date": "2025-06-15T16:28:34+00:00", "sender_id": 953272656, "text": ""}
```

#### Діалог 793191982

```
{"id": 213543, "date": "2025-06-14T18:12:47+00:00", "sender_id": 953272656, "text": "Ікона гумору"}
{"id": 213630, "date": "2025-06-15T16:28:14+00:00", "sender_id": 953272656, "text": "боля"}
{"id": 213631, "date": "2025-06-15T16:28:14+00:00", "sender_id": 953272656, "text": "бодя"}
{"id": 213632, "date": "2025-06-15T16:28:14+00:00", "sender_id": 953272656, "text": "до завтра мож 250 долгануть?"}
{"id": 213633, "date": "2025-06-15T16:28:14+00:00", "sender_id": 953272656, "text": "пліз"}
{"id": 213634, "date": "2025-06-15T16:28:18+00:00", "sender_id": 953272656, "text": "і що робити?"}
{"id": 213636, "date": "2025-06-15T17:31:13+00:00", "sender_id": 793191982, "text": "Як я тебе учив"}
{"id": 213637, "date": "2025-06-15T17:31:26+00:00", "sender_id": 793191982, "text": "Накрутити проценти"}
{"id": 213638, "date": "2025-06-15T17:31:41+00:00", "sender_id": 953272656, "text": "So much aura farm"}
{"id": 213941, "date": "2025-06-17T19:09:44+00:00", "sender_id": 953272656, "text": ""}
{"id": 213942, "date": "2025-06-17T19:12:34+00:00", "sender_id": 953272656, "text": ""}
{"id": 214083, "date": "2025-06-19T13:02:47+00:00", "sender_id": 953272656, "text": ""}
```

#### Діалог 457218284

```
{"id": 213796, "date": "2025-06-17T07:44:22+00:00", "sender_id": 953272656, "text": "**Прилет обломков \"шахедов\" в общагу НАУ в Киеве.** Видео от наших подписчиков.\n\n[Подписаться на Инсайдер](https://t.me/+5XHyjhRiRAhkOWJi) | [Прислать контент](https://t.me/insider_offer_bot)"}
{"id": 213797, "date": "2025-06-17T07:44:22+00:00", "sender_id": 953272656, "text": "**Момент прилета \"шахеда\" в жилой дом в Киеве.** Есть пострадавшие.\n\n[Подписаться на Инсайдер](https://t.me/+5XHyjhRiRAhkOWJi) | [Прислать контент](https://t.me/insider_offer_bot)"}
{"id": 213798, "date": "2025-06-17T07:44:22+00:00", "sender_id": 953272656, "text": "❗️Киев в огне. \"Шахедов\" еще много. Идут на Киев.\n\n[Подписаться на Инсайдер](https://t.me/+5XHyjhRiRAhkOWJi) | [Прислать контент](https://t.me/insider_offer_bot)"}
{"id": 213799, "date": "2025-06-17T07:44:22+00:00", "sender_id": 953272656, "text": "**Прилет в жилой дом в Киеве на Нивках.** По пострадавшим пока непонятно.\n\n[Подписаться на Инсайдер](https://t.me/+5XHyjhRiRAhkOWJi) | [Прислать контент](https://t.me/insider_offer_bot)"}
{"id": 213800, "date": "2025-06-17T07:44:22+00:00", "sender_id": 953272656, "text": "**❗️Уничтожен целый подъезд жилого дома. Киев.** Соломенский район.\n\n[Подписаться на Инсайдер](https://t.me/+5XHyjhRiRAhkOWJi) | [Прислать контент](https://t.me/insider_offer_bot)"}
{"id": 213801, "date": "2025-06-17T07:44:22+00:00", "sender_id": 953272656, "text": "**Киев. Прямое попадание в жилой дом**. Подъезд сложился полностью.\n\n[Подписаться на Инсайдер](https://t.me/+5XHyjhRiRAhkOWJi) | [Прислать контент](https://t.me/insider_offer_bot)"}
{"id": 213802, "date": "2025-06-17T07:44:22+00:00", "sender_id": 953272656, "text": "**По Киеву много поврежденных домов.** Спасатели достают людей из завалов и горящих квартир.\n\n[Подписаться на Инсайдер](https://t.me/+5XHyjhRiRAhkOWJi) | [Прислать контент](https://t.me/insider_offer_bot)"}
{"id": 213803, "date": "2025-06-17T07:44:22+00:00", "sender_id": 953272656, "text": ""}
{"id": 213804, "date": "2025-06-17T07:44:22+00:00", "sender_id": 953272656, "text": "**В Одессе уничтожен дом в результате атаки \"шахедов\". \n\nВ городе есть и повреждение гражданской инфраструктуры, инклюзивного центра, дошкольного учреждения, гаражей.\n\n[Подписаться на Инсайдер](https://t.me/+5XHyjhRiRAhkOWJi) | [Прислать контент](https://t.me/insider_offer_bot)"}
{"id": 213805, "date": "2025-06-17T07:44:22+00:00", "sender_id": 953272656, "text": "**❗️Сегодня была одна из самых масштабных ракетно-дроновых атак на Киев\n\n**В столице** много повреждений, много прилетов. **И в жилые дома и не только. Также были прилеты в Одессе.\n\nЧтоб много не писать, полистайте ленту за ночь, там много страшных кадров👆.\n\nМы вас предупреждали и о [ракетах](https://t.me/c/1352726486/100720) и о [мопедах.](https://t.me/c/1352726486/100725) Надеемся, вы и ваши близкие живы и здоровы.\n\nБольше подробностей ждем от ПС.\n\n[Подписаться на Инсайдер](https://t.me/+5XHyjhRiRAhkOWJi) | [Прислать контент](https://t.me/insider_offer_bot)"}
{"id": 213806, "date": "2025-06-17T07:44:22+00:00", "sender_id": 953272656, "text": "**❗️Известно о 14 погибших в Киеве** в результате ракетно-дроновой атаки\n\n▪️Пожары в нескольких районах, [**разрушения**](https://t.me/c/1352726486/100735)** многоэтажек и домов**, поврежден детский сад;\n▪️**Обломки **[**попали в общежитие**](https://t.me/c/1352726486/100734), местами есть отключения света;\n▪️Пожар в районе аэропорта [Жуляны](https://t.me/c/1352726486/100746);\n▪️В Соломенском районе [**разрушен**](https://t.me/c/1352726486/100769)** подъезд жилого дома** — сейчас там ищут людей под завалами.\n\nНа кадрах — момент целенаправленного удара по жилому дому на Позняках. \n\n[Подписаться на Инсайдер](https://t.me/+5XHyjhRiRAhkOWJi) | [Прислать контент](https://t.me/insider_offer_bot)"}
{"id": 213807, "date": "2025-06-17T07:45:48+00:00", "sender_id": 953272656, "text": "Це жесть"}
{"id": 213808, "date": "2025-06-17T07:46:03+00:00", "sender_id": 953272656, "text": "Бодя, ти як ото дід один колись зі мною стояв на зупинці"}
{"id": 213809, "date": "2025-06-17T07:46:03+00:00", "sender_id": 953272656, "text": "телефонував по різних містах і контролював, що куди за ніч прилітало"}
{"id": 213810, "date": "2025-06-17T07:46:03+00:00", "sender_id": 953272656, "text": "я думаю, то він потім оце в телеграми інформацію передає"}
{"id": 213811, "date": "2025-06-17T07:46:03+00:00", "sender_id": 457218284, "text": ""}
{"id": 213812, "date": "2025-06-17T07:46:21+00:00", "sender_id": 953272656, "text": "Я не дід старий, я просто в афіге"}
{"id": 213813, "date": "2025-06-17T07:47:35+00:00", "sender_id": 953272656, "text": "І таке на протязі усього червня, а ще тільки половина місяця пройшла"}
{"id": 213814, "date": "2025-06-17T07:48:29+00:00", "sender_id": 953272656, "text": "⚡️ ЗНЕШКОДЖЕНО 284 ЦІЛІ\n➖➖➖➖➖➖➖➖➖➖\nУ ніч на 10 червня (із 20.00 9 червня) противник атакував 322-ма засобами повітряного нападу:\n\n- 315 ударними БпЛА типу Shahed і безпілотниками-імітаторами різних типів із напрямків: Курськ, Шаталово, Орел, Міллерово, Приморсько-Ахтарськ – рф; \n- 2 балістичними ракетами KN-23 із Воронезької обл. – рф;\n- 5 крилатими ракетами Іскандер-К із Курської обл. – рф.\n\n❗️Основний напрямок удару – столиця України, місто Київ!\n\nПовітряний напад відбивали авіація, зенітні ракетні війська, підрозділи РЕБ та безпілотних систем, мобільні вогневі групи Сил оборони України.\n\n💥 За попередніми даними, станом на 9.00 протиповітряною обороною знешкоджено 284 засоби повітряного нападу противника, 220 збито вогневими засобами, 64 - локаційно втрачені:\n\n- 213 ворожих БпЛА типу Shahed (безпілотників інших типів) збито вогневими засобами, 64 — локаційно втрачені/подавлені РЕБ;\n- 2 балістичні ракети KN-23;\n- 5 крилатих ракет Іскандер-К.\n\nЗафіксовано влучання засобів повітряного нападу противника у 11 локаціях, падіння збитих (уламки) у 16 локаціях.\n\n✊ Тримаймо небо!\n🇺🇦 Разом – до перемоги!"}
{"id": 213815, "date": "2025-06-17T07:48:59+00:00", "sender_id": 953272656, "text": "⚡️ ЗНЕШКОДЖЕНО 479 ЗАСОБІВ ПОВІТРЯНОГО НАПАДУ!\n➖➖➖➖➖➖➖➖➖➖\nУ ніч на 9 червня (із 20.00 8 червня) противник атакував 499-ма засобами повітряного нападу:\n\n- 479 ударними БпЛА типу Shahed і безпілотниками-імітаторами різних типів із напрямків: Курськ, Шаталово, Орел, Міллерово, Приморсько-Ахтарськ – рф; \n- 4 аеробалістичними ракетами Х-47 М2 \"Кинджал\" із Тамбовської обл. – рф;\n- 10 крилатими ракетами Х-101 із Саратовської обл. – рф;\n- 3 крилатими ракетами Х-22 із повітряного простору над акваторією Чорного моря.;\n- 2 протирадіолокайційними ракетами Х-31П із повітряного простору над акваторією Чорного моря;\n- 1 крилатою ракетою Х-35 із ТОТ АР Крим.\n\nПовітряний напад відбивали авіація, зенітні ракетні війська, підрозділи РЕБ та безпілотних систем, мобільні вогневі групи Сил оборони України.\n\n💥 За попередніми даними, станом на 10.30 протиповітряною обороною знешкоджено 479 засобів повітряного нападу противника, 292 збито вогневими засобами, 187- локаційно втрачені:\n\n- 277 ворожих БпЛА типу Shahed (безпілотників інших типів) збито вогневими засобами, 183 — локаційно втрачені/подавлені РЕБ;\n- 10 крилатих ракет Х-101;\n- 4 аеробалістичні ракети Х-47 М2 \"Кинджал\";\n- 2 крилаті ракети Х-22 - не досягли цілей (локаційно втрачені);\n- 2 протирадіолокаційні ракети Х-31П;\n- 1 крилата ракета Х-35.\n\nЗафіксовано влучання засобів повітряного нападу противника у 10 локаціях, падіння збитих (уламки) у 17 локаціях.\n\n✊ Тримаймо небо!\n🇺🇦 Разом – до перемоги!"}
{"id": 213816, "date": "2025-06-17T07:50:38+00:00", "sender_id": 953272656, "text": "⚡️ ЗНЕШКОДЖЕНО 385 ЗАСОБІВ ПОВІТРЯНОГО НАПАДУ!\n➖➖➖➖➖➖➖➖➖➖\nУ ніч на 1 червня (із 19.30 31 травня) противник атакував 479-ма засобами повітряного нападу:\n\n- 472 ударними БпЛА типу Shahed і безпілотниками-імітаторами різних типів із напрямків: Міллерово, Шаталово, Курськ, Орел, Брянськ, Приморсько-Ахтарськ – рф.;\n- 3 балістичними ракетами Іскандер-М/KN-23 із Курської та Воронезької обл. – рф;\n- 4 крилатими ракетами повітряного та наземного базування Х-101, Іскандер-К.\n\n❗️ Основні напрямки повітряного удару – Харківщина, Сумщина, Житомирщина, Одещина, Донеччина, Дніпропетровщина та Запоріжжя.\n\nПовітряний напад відбивали авіація, зенітні ракетні війська, підрозділи РЕБ та безпілотних систем, мобільні вогневі групи Сил оборони України.\n\n💥 За попередніми даними, станом на 13.30 протиповітряною обороною знешкоджено 385 засобів повітряного нападу противника: 210 ворожих БпЛА типу Shahed (безпілотників інших типів) та 3 крилаті ракети Х-101/Іскандер-К на сході, півдні, півночі, заході та в центрі країни. 213 — збито вогневими засобами ураження, 172 — локаційно втрачені/подавлені РЕБ.\n\nЗафіксовано влучання засобів повітряного нападу противника у 18 локаціях.\n\n✊ Тримаймо небо!\n🇺🇦 Разом – до перемоги!"}
{"id": 213817, "date": "2025-06-17T07:50:38+00:00", "sender_id": 953272656, "text": "⚡️ ЗНЕШКОДЖЕНО 406 ЗАСОБІВ ПОВІТРЯНОГО НАПАДУ!\n➖➖➖➖➖➖➖➖➖➖\nУ ніч на 6 червня (із 20.00 5 червня) противник атакував 452-ма засобами повітряного нападу:\n\n- 407 ударними БпЛА типу Shahed і безпілотниками-імітаторами різних типів із напрямків: Курськ, Орел, Міллерово, Шаталово, Приморсько-Ахтарськ – рф., Гвардійське - ТОТ Криму;\n- 6 балістичними ракетами Іскандер-М/KN-23 із Курської та Воронезької обл. – рф;\n- 36 крилатими ракетами Х-101 із літаків стратегічної авіації Ту-95МС/Ту-160МС із повітряного простору Саратовської області, над Каспійським морем; \n- 2 крилатими ракетами Іскандер-К із району Джанкой ТОТ Криму;\n- 1 протирадіолокаційна ракета Х-31П із літака тактичної авіації над акваторією Чорного моря.\n\nПовітряний напад відбивали авіація, зенітні ракетні війська, підрозділи РЕБ та безпілотних систем, мобільні вогневі групи Сил оборони України.\n\n💥 За попередніми даними, станом на 10.00 протиповітряною обороною знешкоджено 406 засобів повітряного нападу противника по всій території країни:\n\n- 199 ворожих БпЛА типу Shahed (безпілотників інших типів) збито вогневими засобами, 169 — локаційно втрачені/подавлені РЕБ;\n- 4 балістичні ракети Іскандер-М/KN-23, ще дві – не досягли цілей (локаційно втрачені);\n- 30 крилатих ракет Х-101;   \n- 2 крилаті ракети Іскандер-К.\n\nЗафіксовано влучання засобів повітряного нападу противника у 13 локаціях, падіння збитих (уламки) у 19 локаціях.\n\n✊ Тримаймо небо!\n🇺🇦 Разом – до перемоги!"}
{"id": 213818, "date": "2025-06-17T07:51:16+00:00", "sender_id": 953272656, "text": "Мож не читати,а глянуть картинки"}
{"id": 213819, "date": "2025-06-17T07:52:06+00:00", "sender_id": 457218284, "text": "я не дуже розуміюся"}
{"id": 213820, "date": "2025-06-17T07:52:10+00:00", "sender_id": 953272656, "text": ""}
{"id": 213821, "date": "2025-06-17T07:52:16+00:00", "sender_id": 457218284, "text": "я просто бачу, що нас бомблять по повній програмі, та й усе"}
{"id": 213822, "date": "2025-06-17T07:52:26+00:00", "sender_id": 953272656, "text": "Ну"}
{"id": 213823, "date": "2025-06-17T07:52:30+00:00", "sender_id": 457218284, "text": "і з того, що ти кажеш, то я розумію, що більше, ніж зазвичай"}
{"id": 213824, "date": "2025-06-17T07:54:05+00:00", "sender_id": 953272656, "text": "Там за квітень узагалі більше 100 за раз не запускали"}
{"id": 213825, "date": "2025-06-17T07:55:58+00:00", "sender_id": 953272656, "text": "І в попередні місяці +- 100"}
{"id": 213985, "date": "2025-06-18T12:32:56+00:00", "sender_id": 953272656, "text": "Привіт"}
{"id": 213986, "date": "2025-06-18T12:33:06+00:00", "sender_id": 953272656, "text": "То мені покер брать?"}
{"id": 213987, "date": "2025-06-18T12:56:00+00:00", "sender_id": 457218284, "text": "привіт"}
{"id": 213988, "date": "2025-06-18T12:56:03+00:00", "sender_id": 457218284, "text": "візьми на всякий"}
{"id": 213989, "date": "2025-06-18T13:03:40+00:00", "sender_id": 953272656, "text": "А хто буде?"}
{"id": 213990, "date": "2025-06-18T13:03:56+00:00", "sender_id": 457218284, "text": ""}
{"id": 213991, "date": "2025-06-18T13:04:21+00:00", "sender_id": 457218284, "text": "не знаю 😅"}
{"id": 213992, "date": "2025-06-18T13:04:32+00:00", "sender_id": 457218284, "text": "хто прийде, той і буде"}
{"id": 213993, "date": "2025-06-18T13:04:33+00:00", "sender_id": 457218284, "text": "я буду"}
{"id": 213994, "date": "2025-06-18T13:24:42+00:00", "sender_id": 953272656, "text": "Можна в таке пограти"}
{"id": 213996, "date": "2025-06-18T13:30:40+00:00", "sender_id": 457218284, "text": "я гуманітарій"}
{"id": 213997, "date": "2025-06-18T13:30:40+00:00", "sender_id": 457218284, "text": "😅"}
{"id": 213998, "date": "2025-06-18T13:30:40+00:00", "sender_id": 457218284, "text": "це хіба якщо Антон прийде"}
{"id": 213999, "date": "2025-06-18T13:31:04+00:00", "sender_id": 953272656, "text": "Та це і для математиків дічь"}
{"id": 214000, "date": "2025-06-18T13:31:22+00:00", "sender_id": 953272656, "text": "Чисто для професорів"}
{"id": 214004, "date": "2025-06-18T15:58:00+00:00", "sender_id": 953272656, "text": "Привіт"}
{"id": 214005, "date": "2025-06-18T15:58:04+00:00", "sender_id": 953272656, "text": "Ти де?"}
{"id": 214034, "date": "2025-06-18T20:13:53+00:00", "sender_id": 953272656, "text": "Як ви знаєте, я оптиміст і б'ю на сполох тільки в крайніх випадках.\nРосія з такою динамікою\"рознесе\" нам всю країну Шахедами. \nВони дуже масштабували виробництво і ще масштабують.  \n\nЯкщо ми не почнемо діяти прямо зараз, нашій інфраструктурі, виробництву, та оборонним спорудам кінець.\n\nОсновний акцент повинен бути на масовому випуску дронів-перехоплювачів і навчанні військових по всій країні їх використанню+ РЕБ+мала авіація. Часу у нас немає."}
{"id": 214048, "date": "2025-06-19T11:19:33+00:00", "sender_id": 953272656, "text": "Привіт"}
{"id": 214049, "date": "2025-06-19T11:19:48+00:00", "sender_id": 953272656, "text": "Ти ж шариш за Мінєд?"}
{"id": 214050, "date": "2025-06-19T11:22:26+00:00", "sender_id": 953272656, "text": "Це міністерство Єдності"}
{"id": 214051, "date": "2025-06-19T11:24:35+00:00", "sender_id": 953272656, "text": "Для повернення українців із-за кордону, в тому числі"}
{"id": 214052, "date": "2025-06-19T11:24:39+00:00", "sender_id": 953272656, "text": "Так ось"}
{"id": 214053, "date": "2025-06-19T11:24:42+00:00", "sender_id": 953272656, "text": ""}
{"id": 214054, "date": "2025-06-19T11:25:05+00:00", "sender_id": 953272656, "text": "Він проїхав за кордон, і не повернувся"}
{"id": 214055, "date": "2025-06-19T11:26:18+00:00", "sender_id": 457218284, "text": "lol"}
{"id": 214056, "date": "2025-06-19T11:26:22+00:00", "sender_id": 953272656, "text": "Я не впевнений на 100% чи це правда, навіть від такого журналіста,як Михайло Ткач і його ''джереола''"}
{"id": 214057, "date": "2025-06-19T11:27:06+00:00", "sender_id": 457218284, "text": "Время виживать каждий сам за сібя"}
{"id": 214058, "date": "2025-06-19T11:27:11+00:00", "sender_id": 953272656, "text": "Але якщо це виявиться правдою, то смішне"}
{"id": 214059, "date": "2025-06-19T11:27:39+00:00", "sender_id": 953272656, "text": "Та, але якби випускали чоловіків..."}
{"id": 214060, "date": "2025-06-19T11:28:38+00:00", "sender_id": 953272656, "text": "А не тримали їх тут ,а потім після ракетно-дронових ударів, депутатка ВР типу така:"}
{"id": 214061, "date": "2025-06-19T11:29:05+00:00", "sender_id": 953272656, "text": ""}
{"id": 214064, "date": "2025-06-19T11:32:20+00:00", "sender_id": 953272656, "text": "Міністр національної єдності України Олексій Чернишов не повернувся з офіційного закордонного відрядження, попри вручення підозр його колишнім підлеглим.\n\nЧернишов дистанційно взяв участь у своєму форумі.\n\nПоїздка чиновника збіглася з моментом, коли НАБУ та САП оголосили про підозри кільком його колишнім підлеглим із Міністерства регіонального розвитку та НАК «Нафтогаз України» у справі по корупції. Сам Чернишов тоді вже перебував за кордоном.\n\nЯкщо не повернеться, то це повний провал кадрової політики."}
{"id": 214065, "date": "2025-06-19T11:32:20+00:00", "sender_id": 953272656, "text": "Це такий цирк, створювати абсолютно непотрібне міністерство, ставити на нього людину яка не показала жодних результатів на минулій посаді, а тепер ще і є корупційний скандал навкруги його підлеглих."}
{"id": 214068, "date": "2025-06-19T12:53:56+00:00", "sender_id": 457218284, "text": "Це жесть"}
{"id": 214069, "date": "2025-06-19T12:54:31+00:00", "sender_id": 953272656, "text": "Угу"}
{"id": 214070, "date": "2025-06-19T12:55:00+00:00", "sender_id": 953272656, "text": "Коли, до речі, будемо собі помиральну яму копаь?"}
{"id": 214071, "date": "2025-06-19T12:55:34+00:00", "sender_id": 953272656, "text": "Або підкоп до Румунського кордону"}
{"id": 214072, "date": "2025-06-19T12:55:55+00:00", "sender_id": 457218284, "text": "В 25"}
{"id": 214073, "date": "2025-06-19T12:56:01+00:00", "sender_id": 953272656, "text": "Бо інакше копать всерівно доведеться - окоп"}
{"id": 214074, "date": "2025-06-19T12:56:19+00:00", "sender_id": 953272656, "text": "В твої 25 чи мої?"}
{"id": 214075, "date": "2025-06-19T12:58:10+00:00", "sender_id": 457218284, "text": "В твої"}
{"id": 214076, "date": "2025-06-19T12:58:59+00:00", "sender_id": 953272656, "text": "⚡️**Уезжает половина выпускниц: Украину массово покидают девушки,** — [The Telegraph]
2025-06-19 18:30:55,296 - INFO - [
    {
        "dialog_id": 775767805,
        "reason": "Клієнт демонструє незадоволення та емоційний дискомфорт, менеджер не відповідає на запити клієнта, не ініціативний, не консультує.",
        "description": "Клієнт неодноразово просить допомогти, але менеджер не відповідає на запити, не пропонує рішення, не консультує."
    },
    {
        "dialog_id": 793191982,
        "reason": "Клієнт демонструє незадоволення та емоційний дискомфорт, менеджер не відповідає на запити клієнта, не ініціативний, не консультує.",
        "description": "Клієнт неодноразово просить допомогти, але менеджер не відповідає на запити, не пропонує рішення, не консультує."
    }
]
2025-06-19 18:36:01,540 - INFO - [
    {
        "dialog_id": 775767805,
        "reason": "Клієнт демонструє незадоволення та емоційний дискомфорт, менеджер не відповідає на запити клієнта, не ініціативний, не консультує.",
        "description": "Клієнт неодноразово просить допомоги у менеджера, але не отримує відповіді. Клієнт виражає незадоволення та емоційний дискомфорт, менеджер не ініціативний, не консультує."
    },
    {
        "dialog_id": 793191982,
        "reason": "Клієнт демонструє незадоволення та емоційний дискомфорт, менеджер не відповідає на запити клієнта, не ініціативний, не консультує.",
        "description": "Клієнт неодноразово просить допомоги у менеджера, але не отримує відповіді. Клієнт виражає незадоволення та емоційний дискомфорт, менеджер не ініціативний, не консультує."
    }
]
